# JRE version: Java(TM) SE Runtime Environment (11.0.1+13) (build 11.0.1+13-LTS)
# Java VM: Java HotSpot(TM) 64-Bit Server VM (11.0.1+13-LTS, mixed mode, tiered, compressed oops, g1 gc, windows-amd64)
Heap:
 garbage-first heap   total 157696K, used 61794K [0x0000000081800000, 0x0000000100000000)
  region size 1024K, 52 young (53248K), 6 survivors (6144K)
 Metaspace       used 44485K, capacity 45562K, committed 45696K, reserved 1089536K
  class space    used 5572K, capacity 6002K, committed 6016K, reserved 1048576K
GC Heap History (10 events):
Event: 2.182 GC heap before
{Heap before GC invocations=4 (full 0):
 garbage-first heap   total 131072K, used 79914K [0x0000000081800000, 0x0000000100000000)
  region size 1024K, 76 young (77824K), 5 survivors (5120K)
 Metaspace       used 26863K, capacity 27368K, committed 27648K, reserved 1073152K
  class space    used 3049K, capacity 3226K, committed 3328K, reserved 1048576K
}
Event: 2.187 GC heap after
{Heap after GC invocations=5 (full 0):
 garbage-first heap   total 131072K, used 8330K [0x0000000081800000, 0x0000000100000000)
  region size 1024K, 6 young (6144K), 6 survivors (6144K)
 Metaspace       used 26863K, capacity 27368K, committed 27648K, reserved 1073152K
  class space    used 3049K, capacity 3226K, committed 3328K, reserved 1048576K
}
Event: 2.693 GC heap before
{Heap before GC invocations=5 (full 0):
 garbage-first heap   total 131072K, used 78986K [0x0000000081800000, 0x0000000100000000)
  region size 1024K, 76 young (77824K), 6 survivors (6144K)
 Metaspace       used 32885K, capacity 33582K, committed 33792K, reserved 1079296K
  class space    used 3760K, capacity 4040K, committed 4096K, reserved 1048576K
}
Event: 2.701 GC heap after
{Heap after GC invocations=6 (full 0):
 garbage-first heap   total 131072K, used 10570K [0x0000000081800000, 0x0000000100000000)
  region size 1024K, 6 young (6144K), 6 survivors (6144K)
 Metaspace       used 32885K, capacity 33582K, committed 33792K, reserved 1079296K
  class space    used 3760K, capacity 4040K, committed 4096K, reserved 1048576K
}
Event: 2.994 GC heap before
{Heap before GC invocations=6 (full 0):
 garbage-first heap   total 131072K, used 34122K [0x0000000081800000, 0x0000000100000000)
  region size 1024K, 30 young (30720K), 6 survivors (6144K)
 Metaspace       used 34782K, capacity 35512K, committed 35584K, reserved 1081344K
  class space    used 4015K, capacity 4316K, committed 4352K, reserved 1048576K
}
Event: 3.004 GC heap after
{Heap after GC invocations=7 (full 0):
 garbage-first heap   total 157696K, used 11612K [0x0000000081800000, 0x0000000100000000)
  region size 1024K, 5 young (5120K), 5 survivors (5120K)
 Metaspace       used 34782K, capacity 35512K, committed 35584K, reserved 1081344K
  class space    used 4015K, capacity 4316K, committed 4352K, reserved 1048576K
}
Event: 53.639 GC heap before
{Heap before GC invocations=8 (full 0):
 garbage-first heap   total 157696K, used 97628K [0x0000000081800000, 0x0000000100000000)
  region size 1024K, 89 young (91136K), 5 survivors (5120K)
 Metaspace       used 38240K, capacity 39198K, committed 39424K, reserved 1083392K
  class space    used 4477K, capacity 4857K, committed 4864K, reserved 1048576K
}
Event: 53.650 GC heap after
{Heap after GC invocations=9 (full 0):
 garbage-first heap   total 157696K, used 15199K [0x0000000081800000, 0x0000000100000000)
  region size 1024K, 9 young (9216K), 9 survivors (9216K)
 Metaspace       used 38240K, capacity 39198K, committed 39424K, reserved 1083392K
  class space    used 4477K, capacity 4857K, committed 4864K, reserved 1048576K
}
Event: 109.503 GC heap before
{Heap before GC invocations=9 (full 0):
 garbage-first heap   total 157696K, used 100191K [0x0000000081800000, 0x0000000100000000)
  region size 1024K, 92 young (94208K), 9 survivors (9216K)
 Metaspace       used 41682K, capacity 42678K, committed 42880K, reserved 1087488K
  class space    used 5055K, capacity 5460K, committed 5504K, reserved 1048576K
}
Event: 109.511 GC heap after
{Heap after GC invocations=10 (full 0):
 garbage-first heap   total 157696K, used 15714K [0x0000000081800000, 0x0000000100000000)
  region size 1024K, 6 young (6144K), 6 survivors (6144K)
 Metaspace       used 41682K, capacity 42678K, committed 42880K, reserved 1087488K
  class space    used 5055K, capacity 5460K, committed 5504K, reserved 1048576K
}

